<?xml version="1.0" encoding="UTF-8"?>
<testsuite name="com.mindex.challenge.service.impl.ReportingStructureServiceImplTest" tests="2" skipped="0" failures="0" errors="0" timestamp="2025-08-31T02:02:04" hostname="RAIYAN" time="1.951">
  <properties/>
  <testcase name="testInvalidRead" classname="com.mindex.challenge.service.impl.ReportingStructureServiceImplTest" time="1.527"/>
  <testcase name="testValidRead" classname="com.mindex.challenge.service.impl.ReportingStructureServiceImplTest" time="0.42"/>
  <system-out><![CDATA[22:01:56.405 [Test worker] INFO org.springframework.test.context.support.AnnotationConfigContextLoaderUtils -- Could not detect default configuration classes for test class [com.mindex.challenge.service.impl.ReportingStructureServiceImplTest]: ReportingStructureServiceImplTest does not declare any static, non-private, non-final, nested classes annotated with @Configuration.
22:01:56.689 [Test worker] INFO org.springframework.boot.test.context.SpringBootTestContextBootstrapper -- Found @SpringBootConfiguration com.mindex.challenge.ChallengeApplication for test class com.mindex.challenge.service.impl.ReportingStructureServiceImplTest

  .   ____          _            __ _ _
 /\\ / ___'_ __ _ _(_)_ __  __ _ \ \ \ \
( ( )\___ | '_ | '_| | '_ \/ _` | \ \ \ \
 \\/  ___)| |_)| | | | | || (_| |  ) ) ) )
  '  |____| .__|_| |_|_| |_\__, | / / / /
 =========|_|==============|___/=/_/_/_/
 :: Spring Boot ::                (v3.2.3)

2025-08-30T22:01:57.642-04:00  INFO 26292 --- [    Test worker] .c.s.i.ReportingStructureServiceImplTest : Starting ReportingStructureServiceImplTest using Java 21.0.1 with PID 26292 (started by raiya in C:\Users\raiya\OneDrive\Desktop\Programming\mindex-code-challenge\mindex-code-challenge)
2025-08-30T22:01:57.644-04:00 DEBUG 26292 --- [    Test worker] .c.s.i.ReportingStructureServiceImplTest : Running with Spring Boot v3.2.3, Spring v6.1.4
2025-08-30T22:01:57.646-04:00  INFO 26292 --- [    Test worker] .c.s.i.ReportingStructureServiceImplTest : No active profile set, falling back to 1 default profile: "default"
2025-08-30T22:01:58.646-04:00  INFO 26292 --- [    Test worker] .s.d.r.c.RepositoryConfigurationDelegate : Bootstrapping Spring Data MongoDB repositories in DEFAULT mode.
2025-08-30T22:01:58.735-04:00  INFO 26292 --- [    Test worker] .s.d.r.c.RepositoryConfigurationDelegate : Finished Spring Data repository scanning in 81 ms. Found 2 MongoDB repository interfaces.
2025-08-30T22:02:00.157-04:00  INFO 26292 --- [    Test worker] o.s.b.w.embedded.tomcat.TomcatWebServer  : Tomcat initialized with port 0 (http)
2025-08-30T22:02:00.189-04:00  INFO 26292 --- [    Test worker] o.apache.catalina.core.StandardService   : Starting service [Tomcat]
2025-08-30T22:02:00.189-04:00  INFO 26292 --- [    Test worker] o.apache.catalina.core.StandardEngine    : Starting Servlet engine: [Apache Tomcat/10.1.19]
2025-08-30T22:02:00.359-04:00  INFO 26292 --- [    Test worker] o.a.c.c.C.[Tomcat].[localhost].[/]       : Initializing Spring embedded WebApplicationContext
2025-08-30T22:02:00.360-04:00  INFO 26292 --- [    Test worker] w.s.c.ServletWebServerApplicationContext : Root WebApplicationContext: initialization completed in 2662 ms
2025-08-30T22:02:00.991-04:00  INFO 26292 --- [    Test worker] de.bwaldvogel.mongo.MongoServer          : started MongoServer(port: 61056, ssl: false)
2025-08-30T22:02:01.316-04:00  INFO 26292 --- [    Test worker] org.mongodb.driver.client                : MongoClient with metadata {"driver": {"name": "mongo-java-driver|sync", "version": "4.11.1"}, "os": {"type": "Windows", "name": "Windows 11", "architecture": "amd64", "version": "10.0"}, "platform": "Java/BellSoft/21.0.1+12-LTS"} created with settings MongoClientSettings{readPreference=primary, writeConcern=WriteConcern{w=null, wTimeout=null ms, journal=null}, retryWrites=true, retryReads=true, readConcern=ReadConcern{level=null}, credential=null, transportSettings=null, streamFactoryFactory=null, commandListeners=[], codecRegistry=ProvidersCodecRegistry{codecProviders=[ValueCodecProvider{}, BsonValueCodecProvider{}, DBRefCodecProvider{}, DBObjectCodecProvider{}, DocumentCodecProvider{}, CollectionCodecProvider{}, IterableCodecProvider{}, MapCodecProvider{}, GeoJsonCodecProvider{}, GridFSFileCodecProvider{}, Jsr310CodecProvider{}, JsonObjectCodecProvider{}, BsonCodecProvider{}, EnumCodecProvider{}, com.mongodb.client.model.mql.ExpressionCodecProvider@34c62fdf, com.mongodb.Jep395RecordCodecProvider@3de79067, com.mongodb.KotlinCodecProvider@1eb85a47]}, loggerSettings=LoggerSettings{maxDocumentLength=1000}, clusterSettings={hosts=[127.0.0.1:61056], srvServiceName=mongodb, mode=SINGLE, requiredClusterType=UNKNOWN, requiredReplicaSetName='null', serverSelector='null', clusterListeners='[]', serverSelectionTimeout='30000 ms', localThreshold='15 ms'}, socketSettings=SocketSettings{connectTimeoutMS=10000, readTimeoutMS=0, receiveBufferSize=0, proxySettings=ProxySettings{host=null, port=null, username=null, password=null}}, heartbeatSocketSettings=SocketSettings{connectTimeoutMS=10000, readTimeoutMS=10000, receiveBufferSize=0, proxySettings=ProxySettings{host=null, port=null, username=null, password=null}}, connectionPoolSettings=ConnectionPoolSettings{maxSize=100, minSize=0, maxWaitTimeMS=120000, maxConnectionLifeTimeMS=0, maxConnectionIdleTimeMS=0, maintenanceInitialDelayMS=0, maintenanceFrequencyMS=60000, connectionPoolListeners=[], maxConnecting=2}, serverSettings=ServerSettings{heartbeatFrequencyMS=10000, minHeartbeatFrequencyMS=500, serverListeners='[]', serverMonitorListeners='[]'}, sslSettings=SslSettings{enabled=false, invalidHostNameAllowed=false, context=null}, applicationName='null', compressorList=[], uuidRepresentation=UNSPECIFIED, serverApi=null, autoEncryptionSettings=null, dnsClient=null, inetAddressResolver=null, contextProvider=null}
2025-08-30T22:02:01.337-04:00  INFO 26292 --- [-server-worker2] d.b.mongo.wire.MongoWireProtocolHandler  : client [id: 0x789c1544, L:/127.0.0.1:61056 - R:/127.0.0.1:63178] connected
2025-08-30T22:02:01.337-04:00  INFO 26292 --- [-server-worker1] d.b.mongo.wire.MongoWireProtocolHandler  : client [id: 0x9056fc16, L:/127.0.0.1:61056 - R:/127.0.0.1:63179] connected
2025-08-30T22:02:01.581-04:00  INFO 26292 --- [127.0.0.1:61056] org.mongodb.driver.cluster               : Monitor thread successfully connected to server with description ServerDescription{address=127.0.0.1:61056, type=STANDALONE, state=CONNECTED, ok=true, minWireVersion=0, maxWireVersion=6, maxDocumentSize=16777216, logicalSessionTimeoutMinutes=null, roundTripTimeNanos=273967000}
2025-08-30T22:02:03.096-04:00  INFO 26292 --- [-server-worker3] d.b.mongo.wire.MongoWireProtocolHandler  : client [id: 0x32ee7251, L:/127.0.0.1:61056 - R:/127.0.0.1:63180] connected
2025-08-30T22:02:03.206-04:00  INFO 26292 --- [-server-worker3] d.b.mongo.backend.AbstractMongoBackend   : created database test
2025-08-30T22:02:03.226-04:00  INFO 26292 --- [-server-worker3] d.b.mongo.backend.AbstractMongoDatabase  : adding unique _id index for collection employee
2025-08-30T22:02:03.243-04:00  INFO 26292 --- [-server-worker3] d.b.mongo.backend.AbstractMongoDatabase  : created collection test.employee
2025-08-30T22:02:04.146-04:00  INFO 26292 --- [    Test worker] o.s.b.w.embedded.tomcat.TomcatWebServer  : Tomcat started on port 63181 (http) with context path ''
2025-08-30T22:02:04.161-04:00  INFO 26292 --- [    Test worker] .c.s.i.ReportingStructureServiceImplTest : Started ReportingStructureServiceImplTest in 7.121 seconds (process running for 9.479)
2025-08-30T22:02:05.619-04:00 DEBUG 26292 --- [    Test worker] c.m.c.service.impl.EmployeeServiceImpl   : Creating employee with id [null]
2025-08-30T22:02:05.942-04:00  INFO 26292 --- [o-auto-1-exec-1] o.a.c.c.C.[Tomcat].[localhost].[/]       : Initializing Spring DispatcherServlet 'dispatcherServlet'
2025-08-30T22:02:05.942-04:00  INFO 26292 --- [o-auto-1-exec-1] o.s.web.servlet.DispatcherServlet        : Initializing Servlet 'dispatcherServlet'
2025-08-30T22:02:05.942-04:00  INFO 26292 --- [o-auto-1-exec-1] o.s.web.servlet.DispatcherServlet        : Completed initialization in 0 ms
2025-08-30T22:02:06.026-04:00 DEBUG 26292 --- [o-auto-1-exec-1] c.m.c.controller.EmployeeController      : Received employee create request for [com.mindex.challenge.data.Employee@71256aa6]
2025-08-30T22:02:06.026-04:00 DEBUG 26292 --- [o-auto-1-exec-1] c.m.c.service.impl.EmployeeServiceImpl   : Creating employee [com.mindex.challenge.data.Employee@71256aa6]
2025-08-30T22:02:06.032-04:00 DEBUG 26292 --- [o-auto-1-exec-1] c.m.c.service.impl.EmployeeServiceImpl   : Successfully created employee [com.mindex.challenge.data.Employee@71256aa6]
2025-08-30T22:02:06.073-04:00 DEBUG 26292 --- [o-auto-1-exec-2] c.m.c.controller.EmployeeController      : Received employee create request for [com.mindex.challenge.data.Employee@36c42630]
2025-08-30T22:02:06.073-04:00 DEBUG 26292 --- [o-auto-1-exec-2] c.m.c.service.impl.EmployeeServiceImpl   : Creating employee [com.mindex.challenge.data.Employee@36c42630]
2025-08-30T22:02:06.078-04:00 DEBUG 26292 --- [o-auto-1-exec-2] c.m.c.service.impl.EmployeeServiceImpl   : Successfully created employee [com.mindex.challenge.data.Employee@36c42630]
2025-08-30T22:02:06.092-04:00 DEBUG 26292 --- [o-auto-1-exec-3] c.m.c.controller.EmployeeController      : Received employee create request for [com.mindex.challenge.data.Employee@43799264]
2025-08-30T22:02:06.092-04:00 DEBUG 26292 --- [o-auto-1-exec-3] c.m.c.service.impl.EmployeeServiceImpl   : Creating employee [com.mindex.challenge.data.Employee@43799264]
2025-08-30T22:02:06.098-04:00 DEBUG 26292 --- [o-auto-1-exec-3] c.m.c.service.impl.EmployeeServiceImpl   : Successfully created employee [com.mindex.challenge.data.Employee@43799264]
2025-08-30T22:02:06.098-04:00 DEBUG 26292 --- [    Test worker] c.m.c.service.impl.EmployeeServiceImpl   : Creating employee with id [c39cb8e4-c8e7-4e11-adf9-d8b48fa841bf]
2025-08-30T22:02:06.129-04:00 DEBUG 26292 --- [    Test worker] c.m.c.service.impl.EmployeeServiceImpl   : Successfully read employee [com.mindex.challenge.data.Employee@3fecb076]
2025-08-30T22:02:06.131-04:00 DEBUG 26292 --- [    Test worker] c.m.c.s.i.ReportingStructureServiceImpl  : Successfully created reporting structure with id [c39cb8e4-c8e7-4e11-adf9-d8b48fa841bf]
]]></system-out>
  <system-err><![CDATA[WARNING: A Java agent has been loaded dynamically (C:\Users\raiya\.gradle\caches\modules-2\files-2.1\net.bytebuddy\byte-buddy-agent\1.14.12\be4984cb6fd1ef1d11f218a648889dfda44b8a15\byte-buddy-agent-1.14.12.jar)
WARNING: If a serviceability tool is in use, please run with -XX:+EnableDynamicAgentLoading to hide this warning
WARNING: If a serviceability tool is not in use, please run with -Djdk.instrument.traceUsage for more information
WARNING: Dynamic loading of agents will be disallowed by default in a future release
]]></system-err>
</testsuite>
